<?xml version="1.0" encoding="utf-8"?><testsuites name="pytest tests"><testsuite name="pytest" errors="0" failures="0" skipped="0" tests="12" time="29.316" timestamp="2026-02-23T06:06:32.521803+00:00" hostname="agent-env-8e3cd71b-54fa-498b-895d-bfdfa4a29989"><testcase classname="backend.tests.test_api.TestHealth" name="test_api_health" time="0.557" /><testcase classname="backend.tests.test_api.TestMarketIntelligence" name="test_market_intelligence_endpoint" time="0.511" /><testcase classname="backend.tests.test_api.TestMarketIntelligence" name="test_market_intelligence_has_charts_data" time="0.427" /><testcase classname="backend.tests.test_api.TestCVProfiles" name="test_get_profiles_endpoint" time="0.406" /><testcase classname="backend.tests.test_api.TestATSCheck" name="test_ats_check_endpoint_with_resume" time="24.276" /><testcase classname="backend.tests.test_api.TestWishlist" name="test_get_wishlist" time="0.505" /><testcase classname="backend.tests.test_api.TestStatistics" name="test_get_statistics" time="0.432" /><testcase classname="backend.tests.test_api.TestJobTracker" name="test_get_tracker_jobs" time="0.389" /><testcase classname="backend.tests.test_api.TestJobSearch" name="test_get_search_links" time="0.413" /><testcase classname="backend.tests.test_api.TestJobSearch" name="test_get_sites" time="0.400" /><testcase classname="backend.tests.test_api.TestResume" name="test_get_resume" time="0.511" /><testcase classname="backend.tests.test_api.TestCronJobs" name="test_get_cron_jobs" time="0.410" /></testsuite></testsuites>