<?xml version="1.0" encoding="utf-8"?><testsuites name="pytest tests"><testsuite name="pytest" errors="0" failures="1" skipped="0" tests="12" time="24.201" timestamp="2026-02-23T06:05:55.762985+00:00" hostname="agent-env-8e3cd71b-54fa-498b-895d-bfdfa4a29989"><testcase classname="backend.tests.test_api.TestHealth" name="test_api_health" time="0.541" /><testcase classname="backend.tests.test_api.TestMarketIntelligence" name="test_market_intelligence_endpoint" time="0.554" /><testcase classname="backend.tests.test_api.TestMarketIntelligence" name="test_market_intelligence_has_charts_data" time="0.403" /><testcase classname="backend.tests.test_api.TestCVProfiles" name="test_get_profiles_endpoint" time="0.514" /><testcase classname="backend.tests.test_api.TestATSCheck" name="test_ats_check_endpoint_with_resume" time="19.057" /><testcase classname="backend.tests.test_api.TestWishlist" name="test_get_wishlist" time="0.557" /><testcase classname="backend.tests.test_api.TestStatistics" name="test_get_statistics" time="0.406" /><testcase classname="backend.tests.test_api.TestJobTracker" name="test_get_tracker_jobs" time="0.449" /><testcase classname="backend.tests.test_api.TestJobSearch" name="test_get_search_links" time="0.399" /><testcase classname="backend.tests.test_api.TestJobSearch" name="test_get_sites" time="0.452"><failure message="AssertionError: assert False&#10; +  where False = isinstance({'built_in': [{'active': True, 'id': 'seek', 'name': 'Seek', 'search_template': 'https://www.seek.com.au/{keyword}-jobs', ...}, {'active': True, 'id': 'indeed', 'name': 'Indeed AU', 'search_template': 'https://au.indeed.com/jobs?q={keyword}&amp;l=Australia', ...}, {'active': True, 'id': 'linkedin', 'name': 'LinkedIn', 'search_template': 'https://www.linkedin.com/jobs/search/?keywords={keyword}&amp;location=Australia', ...}, {'active': True, 'id': 'adzuna', 'name': 'Adzuna', 'search_template': 'https://www.adzuna.com.au/search?q={keyword}', ...}, {'active': True, 'id': 'careerone', 'name': 'CareerOne', 'search_template': 'https://www.careerone.com.au/jobs?search={keyword}', ...}, {'active': True, 'id': 'workforce_au', 'name': 'Workforce Australia', 'search_template': 'https://www.workforceaustralia.gov.au/individuals/training/search?keywords={keyword}', ...}, ...], 'custom': [{'careers_url': 'https://www.atlassian.com/company/careers/all-jobs', 'category': 'company', 'created_at': '2026-02-23T05:36:16.886326+00:00', 'id': '2e9e73e0-bf7f-4baa-858b-02b0c0be810f', ...}, {'careers_url': 'https://www.canva.com/careers/jobs', 'category': 'company', 'created_at': '2026-02-23T05:36:17.717057+00:00', 'id': '5533a2bd-441b-4cbb-a1ec-739d34161f48', ...}]}, list)">backend/tests/test_api.py:180: in test_get_sites
    assert isinstance(data, list)
E   AssertionError: assert False
E    +  where False = isinstance({'built_in': [{'active': True, 'id': 'seek', 'name': 'Seek', 'search_template': 'https://www.seek.com.au/{keyword}-jobs', ...}, {'active': True, 'id': 'indeed', 'name': 'Indeed AU', 'search_template': 'https://au.indeed.com/jobs?q={keyword}&amp;l=Australia', ...}, {'active': True, 'id': 'linkedin', 'name': 'LinkedIn', 'search_template': 'https://www.linkedin.com/jobs/search/?keywords={keyword}&amp;location=Australia', ...}, {'active': True, 'id': 'adzuna', 'name': 'Adzuna', 'search_template': 'https://www.adzuna.com.au/search?q={keyword}', ...}, {'active': True, 'id': 'careerone', 'name': 'CareerOne', 'search_template': 'https://www.careerone.com.au/jobs?search={keyword}', ...}, {'active': True, 'id': 'workforce_au', 'name': 'Workforce Australia', 'search_template': 'https://www.workforceaustralia.gov.au/individuals/training/search?keywords={keyword}', ...}, ...], 'custom': [{'careers_url': 'https://www.atlassian.com/company/careers/all-jobs', 'category': 'company', 'created_at': '2026-02-23T05:36:16.886326+00:00', 'id': '2e9e73e0-bf7f-4baa-858b-02b0c0be810f', ...}, {'careers_url': 'https://www.canva.com/careers/jobs', 'category': 'company', 'created_at': '2026-02-23T05:36:17.717057+00:00', 'id': '5533a2bd-441b-4cbb-a1ec-739d34161f48', ...}]}, list)</failure></testcase><testcase classname="backend.tests.test_api.TestResume" name="test_get_resume" time="0.395" /><testcase classname="backend.tests.test_api.TestCronJobs" name="test_get_cron_jobs" time="0.391" /></testsuite></testsuites>